{"/Users/adam/projects/3.web/app/to_be_tested.jsx":{"path":"/Users/adam/projects/3.web/app/to_be_tested.jsx","s":{"1":1,"2":1,"3":1,"4":1,"5":0},"b":{},"f":{"1":1,"2":0},"fnMap":{"1":{"name":"dupa","line":1,"loc":{"start":{"line":1,"column":20},"end":{"line":1,"column":26}}},"2":{"name":"dupa2","line":5,"loc":{"start":{"line":5,"column":21},"end":{"line":5,"column":27}}}},"statementMap":{"1":{"start":{"line":0,"column":0},"end":{"line":0,"column":0},"skip":true},"2":{"start":{"line":1,"column":7},"end":{"line":null,"column":null}},"3":{"start":{"line":2,"column":11},"end":{"line":null,"column":null}},"4":{"start":{"line":5,"column":7},"end":{"line":null,"column":null}},"5":{"start":{"line":6,"column":11},"end":{"line":null,"column":null}}},"branchMap":{}}}